<?xml version="1.0" encoding="UTF-8"?>
<!-- Generated by org.testng.reporters.JUnitReportReporter -->
<testsuite skipped="0" hostname="Admin-PC" name="com.Features.TestNG.ParametersProgram" tests="1" failures="0" timestamp="07 Aug 2019 17:12:10 GMT" time="14.646" errors="0">
  <testcase name="loginUsingParameters" time="14.646" classname="com.Features.TestNG.ParametersProgram"/>
</testsuite> <!-- com.Features.TestNG.ParametersProgram -->
