<?xml version="1.0" encoding="UTF-8"?>
<!-- Generated by org.testng.reporters.JUnitReportReporter -->
<testsuite skipped="0" hostname="Admin-PC" name="com.Features.TestNG.ListenersProgram" tests="1" failures="0" timestamp="07 Aug 2019 17:10:04 GMT" time="11.926" errors="0">
  <testcase name="facebookTitleVerify" time="11.926" classname="com.Features.TestNG.ListenersProgram"/>
</testsuite> <!-- com.Features.TestNG.ListenersProgram -->
