<?xml version="1.0" encoding="UTF-8"?>
<!-- Generated by org.testng.reporters.JUnitReportReporter -->
<testsuite skipped="0" hostname="Admin-PC" name="com.Features.TestNG.ListenersProgram" tests="1" failures="0" timestamp="18 Dec 2019 14:47:37 GMT" time="17.968" errors="0">
  <testcase name="facebookTitleVerify" time="17.968" classname="com.Features.TestNG.ListenersProgram"/>
</testsuite> <!-- com.Features.TestNG.ListenersProgram -->
