<?xml version="1.0" encoding="UTF-8"?>
<!-- Generated by org.testng.reporters.JUnitReportReporter -->
<testsuite skipped="0" hostname="Admin-PC" name="com.Features.TestNG.TestNGAnnotationsOrder$TestNGBasics" tests="2" failures="0" timestamp="07 Aug 2019 17:12:39 GMT" time="0.012" errors="0">
  <testcase name="googleTitleText" time="0.008" classname="com.Features.TestNG.TestNGAnnotationsOrder$TestNGBasics"/>
  <testcase name="checkImage" time="0.004" classname="com.Features.TestNG.TestNGAnnotationsOrder$TestNGBasics"/>
</testsuite> <!-- com.Features.TestNG.TestNGAnnotationsOrder$TestNGBasics -->
